2025-08-19 04:14:29,978 [INFO] Connecting to drone...
2025-08-19 04:14:29,982 [INFO] ✅ Drone connected.
2025-08-19 04:14:30,040 [INFO]  Mission plan loaded.
2025-08-19 04:14:30,040 [INFO]  Executing action take_off_1: takeoff_from_UGV
2025-08-19 04:14:52,975 [INFO] 📡 Broadcasted status: {"uav_task_status": {"take_off_1": {"type": "takeoff_from_UGV", "status": "SUCCESS"}, "move_1": {"type": "move_to_location", "status": "PENDING"}, "move_4": {"type": "move_to_location", "status": "PENDING"}, "land_1": {"type": "land_on_UGV", "status": "PENDING"}, "take_off_2": {"type": "takeoff_from_UGV", "status": "PENDING"}, "move_5": {"type": "move_to_location", "status": "PENDING"}, "move_6": {"type": "move_to_location", "status": "PENDING"}, "land_2": {"type": "land_on_UGV", "status": "PENDING"}}}
2025-08-19 04:14:52,976 [INFO] Time taken to complete take_off_1: 22.94 sec
2025-08-19 04:14:52,976 [INFO]  Executing action move_1: move_to_location
2025-08-19 04:15:16,551 [INFO] 📡 Broadcasted status: {"uav_task_status": {"take_off_1": {"type": "takeoff_from_UGV", "status": "SUCCESS"}, "move_1": {"type": "move_to_location", "status": "SUCCESS"}, "move_4": {"type": "move_to_location", "status": "PENDING"}, "land_1": {"type": "land_on_UGV", "status": "PENDING"}, "take_off_2": {"type": "takeoff_from_UGV", "status": "PENDING"}, "move_5": {"type": "move_to_location", "status": "PENDING"}, "move_6": {"type": "move_to_location", "status": "PENDING"}, "land_2": {"type": "land_on_UGV", "status": "PENDING"}}}
2025-08-19 04:15:16,551 [INFO] Time taken to complete move_1: 23.58 sec
2025-08-19 04:15:16,551 [INFO]  Executing action move_4: move_to_location
2025-08-19 04:15:42,638 [INFO] 📡 Broadcasted status: {"uav_task_status": {"take_off_1": {"type": "takeoff_from_UGV", "status": "SUCCESS"}, "move_1": {"type": "move_to_location", "status": "SUCCESS"}, "move_4": {"type": "move_to_location", "status": "SUCCESS"}, "land_1": {"type": "land_on_UGV", "status": "PENDING"}, "take_off_2": {"type": "takeoff_from_UGV", "status": "PENDING"}, "move_5": {"type": "move_to_location", "status": "PENDING"}, "move_6": {"type": "move_to_location", "status": "PENDING"}, "land_2": {"type": "land_on_UGV", "status": "PENDING"}}}
2025-08-19 04:15:42,639 [INFO] Time taken to complete move_4: 26.09 sec
2025-08-19 04:15:42,639 [INFO]  Executing action land_1: land_on_UGV
2025-08-19 04:16:16,929 [INFO] 📡 Broadcasted status: {"uav_task_status": {"take_off_1": {"type": "takeoff_from_UGV", "status": "SUCCESS"}, "move_1": {"type": "move_to_location", "status": "SUCCESS"}, "move_4": {"type": "move_to_location", "status": "SUCCESS"}, "land_1": {"type": "land_on_UGV", "status": "SUCCESS"}, "take_off_2": {"type": "takeoff_from_UGV", "status": "PENDING"}, "move_5": {"type": "move_to_location", "status": "PENDING"}, "move_6": {"type": "move_to_location", "status": "PENDING"}, "land_2": {"type": "land_on_UGV", "status": "PENDING"}}}
2025-08-19 04:16:16,930 [INFO] Time taken to complete land_1: 34.29 sec
2025-08-19 04:16:16,930 [INFO]  Executing action take_off_2: takeoff_from_UGV
2025-08-19 04:16:35,917 [INFO] 📡 Broadcasted status: {"uav_task_status": {"take_off_1": {"type": "takeoff_from_UGV", "status": "SUCCESS"}, "move_1": {"type": "move_to_location", "status": "SUCCESS"}, "move_4": {"type": "move_to_location", "status": "SUCCESS"}, "land_1": {"type": "land_on_UGV", "status": "SUCCESS"}, "take_off_2": {"type": "takeoff_from_UGV", "status": "SUCCESS"}, "move_5": {"type": "move_to_location", "status": "PENDING"}, "move_6": {"type": "move_to_location", "status": "PENDING"}, "land_2": {"type": "land_on_UGV", "status": "PENDING"}}}
2025-08-19 04:16:35,917 [INFO] Time taken to complete take_off_2: 18.99 sec
2025-08-19 04:16:35,917 [INFO]  Executing action move_5: move_to_location
2025-08-19 04:17:00,264 [INFO] 📡 Broadcasted status: {"uav_task_status": {"take_off_1": {"type": "takeoff_from_UGV", "status": "SUCCESS"}, "move_1": {"type": "move_to_location", "status": "SUCCESS"}, "move_4": {"type": "move_to_location", "status": "SUCCESS"}, "land_1": {"type": "land_on_UGV", "status": "SUCCESS"}, "take_off_2": {"type": "takeoff_from_UGV", "status": "SUCCESS"}, "move_5": {"type": "move_to_location", "status": "SUCCESS"}, "move_6": {"type": "move_to_location", "status": "PENDING"}, "land_2": {"type": "land_on_UGV", "status": "PENDING"}}}
2025-08-19 04:17:00,265 [INFO] Time taken to complete move_5: 24.35 sec
2025-08-19 04:17:00,265 [INFO]  Executing action move_6: move_to_location
2025-08-19 04:17:16,469 [INFO] 📡 Broadcasted status: {"uav_task_status": {"take_off_1": {"type": "takeoff_from_UGV", "status": "SUCCESS"}, "move_1": {"type": "move_to_location", "status": "SUCCESS"}, "move_4": {"type": "move_to_location", "status": "SUCCESS"}, "land_1": {"type": "land_on_UGV", "status": "SUCCESS"}, "take_off_2": {"type": "takeoff_from_UGV", "status": "SUCCESS"}, "move_5": {"type": "move_to_location", "status": "SUCCESS"}, "move_6": {"type": "move_to_location", "status": "SUCCESS"}, "land_2": {"type": "land_on_UGV", "status": "PENDING"}}}
2025-08-19 04:17:16,469 [INFO] Time taken to complete move_6: 16.20 sec
2025-08-19 04:17:16,469 [INFO]  Executing action land_2: land_on_UGV
2025-08-19 04:17:51,148 [INFO] 📡 Broadcasted status: {"uav_task_status": {"take_off_1": {"type": "takeoff_from_UGV", "status": "SUCCESS"}, "move_1": {"type": "move_to_location", "status": "SUCCESS"}, "move_4": {"type": "move_to_location", "status": "SUCCESS"}, "land_1": {"type": "land_on_UGV", "status": "SUCCESS"}, "take_off_2": {"type": "takeoff_from_UGV", "status": "SUCCESS"}, "move_5": {"type": "move_to_location", "status": "SUCCESS"}, "move_6": {"type": "move_to_location", "status": "SUCCESS"}, "land_2": {"type": "land_on_UGV", "status": "SUCCESS"}}}
2025-08-19 04:17:51,149 [INFO] Time taken to complete land_2: 34.68 sec
2025-08-19 04:17:51,149 [INFO] ✅ Mission plan execution completed.
