2025-08-19 03:58:52,602 [INFO] Connecting to drone...
2025-08-19 03:58:52,604 [INFO] ✅ Drone connected.
2025-08-19 03:58:52,661 [INFO]  Mission plan loaded.
2025-08-19 03:58:52,661 [INFO]  Executing action take_off_1: takeoff_from_UGV
2025-08-19 03:59:16,453 [INFO] 📡 Broadcasted status: {"uav_task_status": {"take_off_1": {"type": "takeoff_from_UGV", "status": "SUCCESS"}, "move_1": {"type": "move_to_location", "status": "PENDING"}, "move_4": {"type": "move_to_location", "status": "PENDING"}, "land_1": {"type": "land_on_UGV", "status": "PENDING"}, "take_off_2": {"type": "takeoff_from_UGV", "status": "PENDING"}, "move_5": {"type": "move_to_location", "status": "PENDING"}, "move_6": {"type": "move_to_location", "status": "PENDING"}, "land_2": {"type": "land_on_UGV", "status": "PENDING"}}}
2025-08-19 03:59:16,453 [INFO] Time taken to complete take_off_1: 23.79 sec
2025-08-19 03:59:16,453 [INFO]  Executing action move_1: move_to_location
2025-08-19 03:59:42,264 [INFO] 📡 Broadcasted status: {"uav_task_status": {"take_off_1": {"type": "takeoff_from_UGV", "status": "SUCCESS"}, "move_1": {"type": "move_to_location", "status": "SUCCESS"}, "move_4": {"type": "move_to_location", "status": "PENDING"}, "land_1": {"type": "land_on_UGV", "status": "PENDING"}, "take_off_2": {"type": "takeoff_from_UGV", "status": "PENDING"}, "move_5": {"type": "move_to_location", "status": "PENDING"}, "move_6": {"type": "move_to_location", "status": "PENDING"}, "land_2": {"type": "land_on_UGV", "status": "PENDING"}}}
2025-08-19 03:59:42,264 [INFO] Time taken to complete move_1: 25.81 sec
2025-08-19 03:59:42,264 [INFO]  Executing action move_4: move_to_location
2025-08-19 04:00:11,096 [INFO] 📡 Broadcasted status: {"uav_task_status": {"take_off_1": {"type": "takeoff_from_UGV", "status": "SUCCESS"}, "move_1": {"type": "move_to_location", "status": "SUCCESS"}, "move_4": {"type": "move_to_location", "status": "SUCCESS"}, "land_1": {"type": "land_on_UGV", "status": "PENDING"}, "take_off_2": {"type": "takeoff_from_UGV", "status": "PENDING"}, "move_5": {"type": "move_to_location", "status": "PENDING"}, "move_6": {"type": "move_to_location", "status": "PENDING"}, "land_2": {"type": "land_on_UGV", "status": "PENDING"}}}
2025-08-19 04:00:11,096 [INFO] Time taken to complete move_4: 28.83 sec
2025-08-19 04:00:11,096 [INFO]  Executing action land_1: land_on_UGV
2025-08-19 04:00:54,272 [INFO] 📡 Broadcasted status: {"uav_task_status": {"take_off_1": {"type": "takeoff_from_UGV", "status": "SUCCESS"}, "move_1": {"type": "move_to_location", "status": "SUCCESS"}, "move_4": {"type": "move_to_location", "status": "SUCCESS"}, "land_1": {"type": "land_on_UGV", "status": "SUCCESS"}, "take_off_2": {"type": "takeoff_from_UGV", "status": "PENDING"}, "move_5": {"type": "move_to_location", "status": "PENDING"}, "move_6": {"type": "move_to_location", "status": "PENDING"}, "land_2": {"type": "land_on_UGV", "status": "PENDING"}}}
2025-08-19 04:00:54,273 [INFO] Time taken to complete land_1: 43.18 sec
2025-08-19 04:00:54,273 [INFO]  Executing action take_off_2: takeoff_from_UGV
2025-08-19 04:01:17,716 [INFO] 📡 Broadcasted status: {"uav_task_status": {"take_off_1": {"type": "takeoff_from_UGV", "status": "SUCCESS"}, "move_1": {"type": "move_to_location", "status": "SUCCESS"}, "move_4": {"type": "move_to_location", "status": "SUCCESS"}, "land_1": {"type": "land_on_UGV", "status": "SUCCESS"}, "take_off_2": {"type": "takeoff_from_UGV", "status": "SUCCESS"}, "move_5": {"type": "move_to_location", "status": "PENDING"}, "move_6": {"type": "move_to_location", "status": "PENDING"}, "land_2": {"type": "land_on_UGV", "status": "PENDING"}}}
2025-08-19 04:01:17,716 [INFO] Time taken to complete take_off_2: 23.44 sec
2025-08-19 04:01:17,716 [INFO]  Executing action move_5: move_to_location
2025-08-19 04:01:48,306 [INFO] 📡 Broadcasted status: {"uav_task_status": {"take_off_1": {"type": "takeoff_from_UGV", "status": "SUCCESS"}, "move_1": {"type": "move_to_location", "status": "SUCCESS"}, "move_4": {"type": "move_to_location", "status": "SUCCESS"}, "land_1": {"type": "land_on_UGV", "status": "SUCCESS"}, "take_off_2": {"type": "takeoff_from_UGV", "status": "SUCCESS"}, "move_5": {"type": "move_to_location", "status": "SUCCESS"}, "move_6": {"type": "move_to_location", "status": "PENDING"}, "land_2": {"type": "land_on_UGV", "status": "PENDING"}}}
2025-08-19 04:01:48,306 [INFO] Time taken to complete move_5: 30.59 sec
2025-08-19 04:01:48,307 [INFO]  Executing action move_6: move_to_location
2025-08-19 04:02:14,157 [INFO] 📡 Broadcasted status: {"uav_task_status": {"take_off_1": {"type": "takeoff_from_UGV", "status": "SUCCESS"}, "move_1": {"type": "move_to_location", "status": "SUCCESS"}, "move_4": {"type": "move_to_location", "status": "SUCCESS"}, "land_1": {"type": "land_on_UGV", "status": "SUCCESS"}, "take_off_2": {"type": "takeoff_from_UGV", "status": "SUCCESS"}, "move_5": {"type": "move_to_location", "status": "SUCCESS"}, "move_6": {"type": "move_to_location", "status": "SUCCESS"}, "land_2": {"type": "land_on_UGV", "status": "PENDING"}}}
2025-08-19 04:02:14,157 [INFO] Time taken to complete move_6: 25.85 sec
2025-08-19 04:02:14,157 [INFO]  Executing action land_2: land_on_UGV
2025-08-19 04:03:05,183 [INFO] 📡 Broadcasted status: {"uav_task_status": {"take_off_1": {"type": "takeoff_from_UGV", "status": "SUCCESS"}, "move_1": {"type": "move_to_location", "status": "SUCCESS"}, "move_4": {"type": "move_to_location", "status": "SUCCESS"}, "land_1": {"type": "land_on_UGV", "status": "SUCCESS"}, "take_off_2": {"type": "takeoff_from_UGV", "status": "SUCCESS"}, "move_5": {"type": "move_to_location", "status": "SUCCESS"}, "move_6": {"type": "move_to_location", "status": "SUCCESS"}, "land_2": {"type": "land_on_UGV", "status": "SUCCESS"}}}
2025-08-19 04:03:05,183 [INFO] Time taken to complete land_2: 51.03 sec
2025-08-19 04:03:05,184 [INFO] ✅ Mission plan execution completed.
